<?xml version="1.0" encoding="UTF-8"?>
<coverage generated="1621878929518" clover="3.2.0">
  <project timestamp="1621878929518" name="All files">
    <metrics statements="25" coveredstatements="12" conditionals="5" coveredconditionals="0" methods="7" coveredmethods="4" elements="37" coveredelements="16" complexity="0" loc="25" ncloc="25" packages="1" files="2" classes="2"/>
    <file name="api-bcb.js" path="C:\DEV\FULLSTACK-MASTER\semana01\convert-my-money\lib\api-bcb.js">
      <metrics statements="20" coveredstatements="7" conditionals="5" coveredconditionals="0" methods="5" coveredmethods="2"/>
      <line num="1" count="1" type="stmt"/>
      <line num="3" count="1" type="stmt"/>
      <line num="5" count="1" type="stmt"/>
      <line num="6" count="1" type="stmt"/>
      <line num="7" count="1" type="stmt"/>
      <line num="8" count="0" type="stmt"/>
      <line num="9" count="0" type="stmt"/>
      <line num="10" count="0" type="stmt"/>
      <line num="11" count="0" type="cond" truecount="0" falsecount="5"/>
      <line num="12" count="0" type="stmt"/>
      <line num="15" count="0" type="stmt"/>
      <line num="17" count="1" type="stmt"/>
      <line num="18" count="0" type="stmt"/>
      <line num="19" count="0" type="stmt"/>
      <line num="20" count="0" type="stmt"/>
      <line num="21" count="0" type="stmt"/>
      <line num="22" count="0" type="stmt"/>
      <line num="23" count="0" type="stmt"/>
      <line num="25" count="0" type="stmt"/>
      <line num="29" count="1" type="stmt"/>
    </file>
    <file name="convert.js" path="C:\DEV\FULLSTACK-MASTER\semana01\convert-my-money\lib\convert.js">
      <metrics statements="5" coveredstatements="5" conditionals="0" coveredconditionals="0" methods="2" coveredmethods="2"/>
      <line num="1" count="1" type="stmt"/>
      <line num="2" count="2" type="stmt"/>
      <line num="5" count="1" type="stmt"/>
      <line num="6" count="2" type="stmt"/>
      <line num="9" count="1" type="stmt"/>
    </file>
  </project>
</coverage>
