{"C:\\DEV\\FULLSTACK-MASTER\\semana01\\convert-my-money\\lib\\api-bcb.js": {"path":"C:\\DEV\\FULLSTACK-MASTER\\semana01\\convert-my-money\\lib\\api-bcb.js","statementMap":{"0":{"start":{"line":1,"column":14},"end":{"line":1,"column":30}},"1":{"start":{"line":3,"column":15},"end":{"line":3,"column":228}},"2":{"start":{"line":3,"column":23},"end":{"line":3,"column":228}},"3":{"start":{"line":5,"column":22},"end":{"line":5,"column":43}},"4":{"start":{"line":5,"column":29},"end":{"line":5,"column":43}},"5":{"start":{"line":6,"column":23},"end":{"line":6,"column":60}},"6":{"start":{"line":6,"column":30},"end":{"line":6,"column":60}},"7":{"start":{"line":7,"column":17},"end":{"line":16,"column":1}},"8":{"start":{"line":8,"column":16},"end":{"line":8,"column":26}},"9":{"start":{"line":9,"column":18},"end":{"line":9,"column":32}},"10":{"start":{"line":10,"column":12},"end":{"line":10,"column":27}},"11":{"start":{"line":11,"column":2},"end":{"line":13,"column":3}},"12":{"start":{"line":12,"column":4},"end":{"line":12,"column":12}},"13":{"start":{"line":15,"column":2},"end":{"line":15,"column":71}},"14":{"start":{"line":17,"column":19},"end":{"line":27,"column":1}},"15":{"start":{"line":18,"column":2},"end":{"line":26,"column":3}},"16":{"start":{"line":19,"column":18},"end":{"line":19,"column":28}},"17":{"start":{"line":20,"column":16},"end":{"line":20,"column":29}},"18":{"start":{"line":21,"column":16},"end":{"line":21,"column":40}},"19":{"start":{"line":22,"column":20},"end":{"line":22,"column":39}},"20":{"start":{"line":23,"column":4},"end":{"line":23,"column":18}},"21":{"start":{"line":25,"column":4},"end":{"line":25,"column":13}},"22":{"start":{"line":29,"column":0},"end":{"line":33,"column":1}}},"fnMap":{"0":{"name":"(anonymous_0)","decl":{"start":{"line":3,"column":15},"end":{"line":3,"column":16}},"loc":{"start":{"line":3,"column":23},"end":{"line":3,"column":228}},"line":3},"1":{"name":"(anonymous_1)","decl":{"start":{"line":5,"column":22},"end":{"line":5,"column":23}},"loc":{"start":{"line":5,"column":29},"end":{"line":5,"column":43}},"line":5},"2":{"name":"(anonymous_2)","decl":{"start":{"line":6,"column":23},"end":{"line":6,"column":24}},"loc":{"start":{"line":6,"column":30},"end":{"line":6,"column":60}},"line":6},"3":{"name":"(anonymous_3)","decl":{"start":{"line":7,"column":17},"end":{"line":7,"column":18}},"loc":{"start":{"line":7,"column":23},"end":{"line":16,"column":1}},"line":7},"4":{"name":"(anonymous_4)","decl":{"start":{"line":17,"column":19},"end":{"line":17,"column":20}},"loc":{"start":{"line":17,"column":30},"end":{"line":27,"column":1}},"line":17}},"branchMap":{"0":{"loc":{"start":{"line":11,"column":2},"end":{"line":13,"column":3}},"type":"if","locations":[{"start":{"line":11,"column":2},"end":{"line":13,"column":3}},{"start":{"line":11,"column":2},"end":{"line":13,"column":3}}],"line":11},"1":{"loc":{"start":{"line":11,"column":5},"end":{"line":11,"column":58}},"type":"binary-expr","locations":[{"start":{"line":11,"column":5},"end":{"line":11,"column":20}},{"start":{"line":11,"column":24},"end":{"line":11,"column":39}},{"start":{"line":11,"column":43},"end":{"line":11,"column":58}}],"line":11}},"s":{"0":1,"1":1,"2":0,"3":1,"4":1,"5":1,"6":1,"7":1,"8":0,"9":0,"10":0,"11":0,"12":0,"13":0,"14":1,"15":0,"16":0,"17":0,"18":0,"19":0,"20":0,"21":0,"22":1},"f":{"0":0,"1":1,"2":1,"3":0,"4":0},"b":{"0":[0,0],"1":[0,0,0]},"_coverageSchema":"1a1c01bbd47fc00a2c39e90264f33305004495a9","hash":"a9d111f8a697771c4b3ce9e582e72568640a5e29"}
,"C:\\DEV\\FULLSTACK-MASTER\\semana01\\convert-my-money\\lib\\convert.js": {"path":"C:\\DEV\\FULLSTACK-MASTER\\semana01\\convert-my-money\\lib\\convert.js","statementMap":{"0":{"start":{"line":1,"column":16},"end":{"line":3,"column":1}},"1":{"start":{"line":2,"column":2},"end":{"line":2,"column":29}},"2":{"start":{"line":5,"column":16},"end":{"line":7,"column":1}},"3":{"start":{"line":6,"column":2},"end":{"line":6,"column":37}},"4":{"start":{"line":9,"column":0},"end":{"line":12,"column":1}}},"fnMap":{"0":{"name":"(anonymous_0)","decl":{"start":{"line":1,"column":16},"end":{"line":1,"column":17}},"loc":{"start":{"line":1,"column":41},"end":{"line":3,"column":1}},"line":1},"1":{"name":"(anonymous_1)","decl":{"start":{"line":5,"column":16},"end":{"line":5,"column":17}},"loc":{"start":{"line":5,"column":25},"end":{"line":7,"column":1}},"line":5}},"branchMap":{},"s":{"0":1,"1":2,"2":1,"3":2,"4":1},"f":{"0":2,"1":2},"b":{},"_coverageSchema":"1a1c01bbd47fc00a2c39e90264f33305004495a9","hash":"5542c537fd9d268e19af1953ad6004f18fed5201"}
}
